<?xml version="1.0" encoding="UTF-8"?>
<!-- Generated by org.testng.reporters.JUnitXMLReporter -->
<testsuite ignored="2" hostname="DESKTOP-25CLBES" failures="1" tests="1" name="Default test(failed)" time="25.455" errors="0" timestamp="16 Sep 2023 18:13:29 GMT">
  <testcase classname="org.myproject.Allmenutest" name="men" time="6.198">
    <failure type="java.lang.NullPointerException" message="Cannot invoke &amp;quot;org.openqa.selenium.interactions.Actions.moveToElement(org.openqa.selenium.WebElement)&amp;quot; because &amp;quot;org.myproject.Allmenutest.a&amp;quot; is null">
      <![CDATA[java.lang.NullPointerException: Cannot invoke "org.openqa.selenium.interactions.Actions.moveToElement(org.openqa.selenium.WebElement)" because "org.myproject.Allmenutest.a" is null
at org.myproject.Allmenutest.men(Allmenutest.java:72)
... Removed 25 stack frames]]>
    </failure>
  </testcase> <!-- men -->
  <testcase classname="org.myproject.Allmenutest" name="newIn" time="0.0">
    <ignored/>
  </testcase> <!-- newIn -->
  <testcase classname="org.myproject.Allmenutest" name="Bran" time="0.0">
    <ignored/>
  </testcase> <!-- Bran -->
</testsuite> <!-- Default test(failed) -->
